<?xml version="1.0" encoding="UTF-8"?>
<!-- Generated by org.testng.reporters.JUnitReportReporter -->
<testsuite skipped="0" hostname="Deepti-PC" name="com.tenstng.ExpectedExceptionDemo" tests="1" failures="0" timestamp="22 Nov 2020 11:47:26 GMT" time="0.015" errors="0">
  <testcase name="test" time="0.015" classname="com.tenstng.ExpectedExceptionDemo"/>
</testsuite> <!-- com.tenstng.ExpectedExceptionDemo -->
