<?xml version="1.0" encoding="UTF-8"?>
<!-- Generated by org.testng.reporters.JUnitReportReporter -->
<testsuite skipped="0" hostname="Deepti-PC" name="com.tenstng.DependsOnMethodsDemo" tests="3" failures="0" timestamp="14 Oct 2020 14:38:18 GMT" time="0.015" errors="0">
  <testcase name="sampleTest1" time="0.000" classname="com.tenstng.DependsOnMethodsDemo"/>
  <testcase name="sampleTest2" time="0.000" classname="com.tenstng.DependsOnMethodsDemo"/>
  <testcase name="googleLogoTest" time="0.015" classname="com.tenstng.DependsOnMethodsDemo"/>
</testsuite> <!-- com.tenstng.DependsOnMethodsDemo -->
