<?xml version="1.0" encoding="UTF-8"?>
<!-- Generated by org.testng.reporters.JUnitReportReporter -->
<testsuite skipped="0" hostname="Deepti-PC" name="com.tenstng.TestNGBasics" tests="2" failures="0" timestamp="14 Oct 2020 15:47:28 GMT" time="0.000" errors="0">
  <testcase name="logoTest" time="0.000" classname="com.tenstng.TestNGBasics"/>
  <testcase name="titleTest" time="0.000" classname="com.tenstng.TestNGBasics"/>
</testsuite> <!-- com.tenstng.TestNGBasics -->
