<?xml version="1.0" encoding="UTF-8"?>
<!-- Generated by org.testng.reporters.JUnitReportReporter -->
<testsuite skipped="0" hostname="Deepti-PC" name="com.tenstng.ParmeterTest" tests="1" failures="0" timestamp="22 Nov 2020 11:50:56 GMT" time="12.832" errors="0">
  <testcase name="yahooTest" time="12.832" classname="com.tenstng.ParmeterTest"/>
</testsuite> <!-- com.tenstng.ParmeterTest -->
