<?xml version="1.0" encoding="UTF-8"?>
<!-- Generated by org.testng.reporters.JUnitReportReporter -->
<testsuite skipped="0" hostname="Deepti-PC" name="com.tenstng.TestNGBasics" tests="2" failures="0" timestamp="22 Nov 2020 11:54:15 GMT" time="0.032" errors="0">
  <testcase name="logoTest" time="0.017" classname="com.tenstng.TestNGBasics"/>
  <testcase name="titleTest" time="0.015" classname="com.tenstng.TestNGBasics"/>
</testsuite> <!-- com.tenstng.TestNGBasics -->
