<?xml version="1.0" encoding="UTF-8"?>
<!-- Generated by org.testng.reporters.JUnitReportReporter -->
<testsuite skipped="0" hostname="Deepti-PC" name="com.tenstng.InvocationCount" tests="10" failures="0" timestamp="21 Oct 2020 14:19:49 GMT" time="0.035" errors="0">
  <testcase name="sum" time="0.000" classname="com.tenstng.InvocationCount"/>
  <testcase name="sum" time="0.001" classname="com.tenstng.InvocationCount"/>
  <testcase name="sum" time="0.000" classname="com.tenstng.InvocationCount"/>
  <testcase name="sum" time="0.001" classname="com.tenstng.InvocationCount"/>
  <testcase name="sum" time="0.016" classname="com.tenstng.InvocationCount"/>
  <testcase name="sum" time="0.001" classname="com.tenstng.InvocationCount"/>
  <testcase name="sum" time="0.001" classname="com.tenstng.InvocationCount"/>
  <testcase name="sum" time="0.000" classname="com.tenstng.InvocationCount"/>
  <testcase name="sum" time="0.015" classname="com.tenstng.InvocationCount"/>
  <testcase name="sum" time="0.000" classname="com.tenstng.InvocationCount"/>
</testsuite> <!-- com.tenstng.InvocationCount -->
