<?xml version="1.0" encoding="UTF-8"?>
<!-- Generated by org.testng.reporters.JUnitReportReporter -->
<testsuite skipped="0" hostname="Deepti-PC" name="com.tenstng.GoogleTest" tests="4" failures="0" timestamp="14 Oct 2020 14:36:07 GMT" time="64.896" errors="0">
  <testcase name="sampleTest2" time="15.597" classname="com.tenstng.GoogleTest"/>
  <testcase name="sampleTest1" time="15.160" classname="com.tenstng.GoogleTest"/>
  <testcase name="googleTitleTest" time="14.792" classname="com.tenstng.GoogleTest"/>
  <testcase name="googleLogoTest" time="19.347" classname="com.tenstng.GoogleTest"/>
</testsuite> <!-- com.tenstng.GoogleTest -->
